[debug] [2025-03-05T01:04:46.771Z] ----------------------------------------------------------------------
[debug] [2025-03-05T01:04:46.773Z] Command:       /usr/local/bin/firebase /Users/_woo_s.j/.cache/firebase/tools/lib/node_modules/firebase-tools/lib/bin/firebase hosting:sites:create production-site-name --project teamitaka-swagger-practice
[debug] [2025-03-05T01:04:46.773Z] CLI Version:   13.23.0
[debug] [2025-03-05T01:04:46.773Z] Platform:      darwin
[debug] [2025-03-05T01:04:46.773Z] Node Version:  v18.5.0
[debug] [2025-03-05T01:04:46.777Z] Time:          Wed Mar 05 2025 10:04:46 GMT+0900 (Korean Standard Time)
[debug] [2025-03-05T01:04:46.777Z] ----------------------------------------------------------------------
[debug] 
[debug] [2025-03-05T01:04:46.890Z] > command requires scopes: ["email","openid","https://www.googleapis.com/auth/cloudplatformprojects.readonly","https://www.googleapis.com/auth/firebase","https://www.googleapis.com/auth/cloud-platform"]
[debug] [2025-03-05T01:04:46.891Z] > authorizing via signed-in user (sjwoo1999@gmail.com)
[debug] [2025-03-05T01:04:46.892Z] [iam] checking project teamitaka-swagger-practice for permissions ["firebase.projects.get","firebasehosting.sites.update"]
[debug] [2025-03-05T01:04:46.893Z] Checked if tokens are valid: true, expires at: 1741140259849
[debug] [2025-03-05T01:04:46.894Z] Checked if tokens are valid: true, expires at: 1741140259849
[debug] [2025-03-05T01:04:46.895Z] >>> [apiv2][query] POST https://cloudresourcemanager.googleapis.com/v1/projects/teamitaka-swagger-practice:testIamPermissions [none]
[debug] [2025-03-05T01:04:46.896Z] >>> [apiv2][(partial)header] POST https://cloudresourcemanager.googleapis.com/v1/projects/teamitaka-swagger-practice:testIamPermissions x-goog-quota-user=projects/teamitaka-swagger-practice
[debug] [2025-03-05T01:04:46.896Z] >>> [apiv2][body] POST https://cloudresourcemanager.googleapis.com/v1/projects/teamitaka-swagger-practice:testIamPermissions {"permissions":["firebase.projects.get","firebasehosting.sites.update"]}
[debug] [2025-03-05T01:04:47.615Z] <<< [apiv2][status] POST https://cloudresourcemanager.googleapis.com/v1/projects/teamitaka-swagger-practice:testIamPermissions 200
[debug] [2025-03-05T01:04:47.617Z] <<< [apiv2][body] POST https://cloudresourcemanager.googleapis.com/v1/projects/teamitaka-swagger-practice:testIamPermissions {"permissions":["firebase.projects.get","firebasehosting.sites.update"]}
[debug] [2025-03-05T01:04:47.618Z] Checked if tokens are valid: true, expires at: 1741140259849
[debug] [2025-03-05T01:04:47.620Z] Checked if tokens are valid: true, expires at: 1741140259849
[debug] [2025-03-05T01:04:47.621Z] >>> [apiv2][query] GET https://firebase.googleapis.com/v1beta1/projects/teamitaka-swagger-practice [none]
[debug] [2025-03-05T01:04:48.586Z] <<< [apiv2][status] GET https://firebase.googleapis.com/v1beta1/projects/teamitaka-swagger-practice 404
[debug] [2025-03-05T01:04:48.590Z] <<< [apiv2][body] GET https://firebase.googleapis.com/v1beta1/projects/teamitaka-swagger-practice {"error":{"code":404,"message":"Requested entity was not found.","status":"NOT_FOUND"}}
[debug] [2025-03-05T01:04:48.591Z] Request to https://firebase.googleapis.com/v1beta1/projects/teamitaka-swagger-practice had HTTP Error: 404, Requested entity was not found.
[debug] [2025-03-05T01:04:49.189Z] FirebaseError: Request to https://firebase.googleapis.com/v1beta1/projects/teamitaka-swagger-practice had HTTP Error: 404, Requested entity was not found.
    at responseToError (/Users/_woo_s.j/.cache/firebase/tools/lib/node_modules/firebase-tools/lib/responseToError.js:52:12)
    at RetryOperation._fn (/Users/_woo_s.j/.cache/firebase/tools/lib/node_modules/firebase-tools/lib/apiv2.js:312:77)
    at process.processTicksAndRejections (node:internal/process/task_queues:95:5)
[error] 
[error] Error: Failed to get Firebase project teamitaka-swagger-practice. Please make sure the project exists and your account has permission to access it.
[debug] [2025-03-05T01:04:50.729Z] ----------------------------------------------------------------------
[debug] [2025-03-05T01:04:50.730Z] Command:       /usr/local/bin/firebase /Users/_woo_s.j/.cache/firebase/tools/lib/node_modules/firebase-tools/lib/bin/firebase hosting:sites:create development-site-name --project teamitaka-swagger-practice
[debug] [2025-03-05T01:04:50.731Z] CLI Version:   13.23.0
[debug] [2025-03-05T01:04:50.731Z] Platform:      darwin
[debug] [2025-03-05T01:04:50.731Z] Node Version:  v18.5.0
[debug] [2025-03-05T01:04:50.732Z] Time:          Wed Mar 05 2025 10:04:50 GMT+0900 (Korean Standard Time)
[debug] [2025-03-05T01:04:50.732Z] ----------------------------------------------------------------------
[debug] 
[debug] [2025-03-05T01:04:50.844Z] > command requires scopes: ["email","openid","https://www.googleapis.com/auth/cloudplatformprojects.readonly","https://www.googleapis.com/auth/firebase","https://www.googleapis.com/auth/cloud-platform"]
[debug] [2025-03-05T01:04:50.844Z] > authorizing via signed-in user (sjwoo1999@gmail.com)
[debug] [2025-03-05T01:04:50.845Z] [iam] checking project teamitaka-swagger-practice for permissions ["firebase.projects.get","firebasehosting.sites.update"]
[debug] [2025-03-05T01:04:50.846Z] Checked if tokens are valid: true, expires at: 1741140259849
[debug] [2025-03-05T01:04:50.847Z] Checked if tokens are valid: true, expires at: 1741140259849
[debug] [2025-03-05T01:04:50.848Z] >>> [apiv2][query] POST https://cloudresourcemanager.googleapis.com/v1/projects/teamitaka-swagger-practice:testIamPermissions [none]
[debug] [2025-03-05T01:04:50.849Z] >>> [apiv2][(partial)header] POST https://cloudresourcemanager.googleapis.com/v1/projects/teamitaka-swagger-practice:testIamPermissions x-goog-quota-user=projects/teamitaka-swagger-practice
[debug] [2025-03-05T01:04:50.849Z] >>> [apiv2][body] POST https://cloudresourcemanager.googleapis.com/v1/projects/teamitaka-swagger-practice:testIamPermissions {"permissions":["firebase.projects.get","firebasehosting.sites.update"]}
[debug] [2025-03-05T01:04:51.610Z] <<< [apiv2][status] POST https://cloudresourcemanager.googleapis.com/v1/projects/teamitaka-swagger-practice:testIamPermissions 200
[debug] [2025-03-05T01:04:51.613Z] <<< [apiv2][body] POST https://cloudresourcemanager.googleapis.com/v1/projects/teamitaka-swagger-practice:testIamPermissions {"permissions":["firebase.projects.get","firebasehosting.sites.update"]}
[debug] [2025-03-05T01:04:51.614Z] Checked if tokens are valid: true, expires at: 1741140259849
[debug] [2025-03-05T01:04:51.617Z] Checked if tokens are valid: true, expires at: 1741140259849
[debug] [2025-03-05T01:04:51.617Z] >>> [apiv2][query] GET https://firebase.googleapis.com/v1beta1/projects/teamitaka-swagger-practice [none]
[debug] [2025-03-05T01:04:52.474Z] <<< [apiv2][status] GET https://firebase.googleapis.com/v1beta1/projects/teamitaka-swagger-practice 404
[debug] [2025-03-05T01:04:52.480Z] <<< [apiv2][body] GET https://firebase.googleapis.com/v1beta1/projects/teamitaka-swagger-practice {"error":{"code":404,"message":"Requested entity was not found.","status":"NOT_FOUND"}}
[debug] [2025-03-05T01:04:52.482Z] Request to https://firebase.googleapis.com/v1beta1/projects/teamitaka-swagger-practice had HTTP Error: 404, Requested entity was not found.
[debug] [2025-03-05T01:04:53.068Z] FirebaseError: Request to https://firebase.googleapis.com/v1beta1/projects/teamitaka-swagger-practice had HTTP Error: 404, Requested entity was not found.
    at responseToError (/Users/_woo_s.j/.cache/firebase/tools/lib/node_modules/firebase-tools/lib/responseToError.js:52:12)
    at RetryOperation._fn (/Users/_woo_s.j/.cache/firebase/tools/lib/node_modules/firebase-tools/lib/apiv2.js:312:77)
    at process.processTicksAndRejections (node:internal/process/task_queues:95:5)
[error] 
[error] Error: Failed to get Firebase project teamitaka-swagger-practice. Please make sure the project exists and your account has permission to access it.
