[debug] [2025-03-05T01:04:28.059Z] ----------------------------------------------------------------------
[debug] [2025-03-05T01:04:28.060Z] Command:       /usr/local/bin/firebase /Users/_woo_s.j/.cache/firebase/tools/lib/node_modules/firebase-tools/lib/bin/firebase hosting:sites:create production-site-name --project teamitaka-swagger-practice
[debug] [2025-03-05T01:04:28.060Z] CLI Version:   13.23.0
[debug] [2025-03-05T01:04:28.060Z] Platform:      darwin
[debug] [2025-03-05T01:04:28.061Z] Node Version:  v18.5.0
[debug] [2025-03-05T01:04:28.062Z] Time:          Wed Mar 05 2025 10:04:28 GMT+0900 (Korean Standard Time)
[debug] [2025-03-05T01:04:28.062Z] ----------------------------------------------------------------------
[debug] 
[debug] [2025-03-05T01:04:28.070Z] > command requires scopes: ["email","openid","https://www.googleapis.com/auth/cloudplatformprojects.readonly","https://www.googleapis.com/auth/firebase","https://www.googleapis.com/auth/cloud-platform"]
[debug] [2025-03-05T01:04:28.071Z] > authorizing via signed-in user (sjwoo1999@gmail.com)
[debug] [2025-03-05T01:04:28.072Z] [iam] checking project teamitaka-swagger-practice for permissions ["firebase.projects.get","firebasehosting.sites.update"]
[debug] [2025-03-05T01:04:28.073Z] Checked if tokens are valid: true, expires at: 1741140259849
[debug] [2025-03-05T01:04:28.074Z] Checked if tokens are valid: true, expires at: 1741140259849
[debug] [2025-03-05T01:04:28.075Z] >>> [apiv2][query] POST https://cloudresourcemanager.googleapis.com/v1/projects/teamitaka-swagger-practice:testIamPermissions [none]
[debug] [2025-03-05T01:04:28.076Z] >>> [apiv2][(partial)header] POST https://cloudresourcemanager.googleapis.com/v1/projects/teamitaka-swagger-practice:testIamPermissions x-goog-quota-user=projects/teamitaka-swagger-practice
[debug] [2025-03-05T01:04:28.076Z] >>> [apiv2][body] POST https://cloudresourcemanager.googleapis.com/v1/projects/teamitaka-swagger-practice:testIamPermissions {"permissions":["firebase.projects.get","firebasehosting.sites.update"]}
[debug] [2025-03-05T01:04:28.837Z] <<< [apiv2][status] POST https://cloudresourcemanager.googleapis.com/v1/projects/teamitaka-swagger-practice:testIamPermissions 200
[debug] [2025-03-05T01:04:28.840Z] <<< [apiv2][body] POST https://cloudresourcemanager.googleapis.com/v1/projects/teamitaka-swagger-practice:testIamPermissions {"permissions":["firebase.projects.get","firebasehosting.sites.update"]}
[debug] [2025-03-05T01:04:28.841Z] Checked if tokens are valid: true, expires at: 1741140259849
[debug] [2025-03-05T01:04:28.845Z] Checked if tokens are valid: true, expires at: 1741140259849
[debug] [2025-03-05T01:04:28.845Z] >>> [apiv2][query] GET https://firebase.googleapis.com/v1beta1/projects/teamitaka-swagger-practice [none]
[debug] [2025-03-05T01:04:29.770Z] <<< [apiv2][status] GET https://firebase.googleapis.com/v1beta1/projects/teamitaka-swagger-practice 404
[debug] [2025-03-05T01:04:29.775Z] <<< [apiv2][body] GET https://firebase.googleapis.com/v1beta1/projects/teamitaka-swagger-practice {"error":{"code":404,"message":"Requested entity was not found.","status":"NOT_FOUND"}}
[debug] [2025-03-05T01:04:29.777Z] Request to https://firebase.googleapis.com/v1beta1/projects/teamitaka-swagger-practice had HTTP Error: 404, Requested entity was not found.
[debug] [2025-03-05T01:04:30.375Z] FirebaseError: Request to https://firebase.googleapis.com/v1beta1/projects/teamitaka-swagger-practice had HTTP Error: 404, Requested entity was not found.
    at responseToError (/Users/_woo_s.j/.cache/firebase/tools/lib/node_modules/firebase-tools/lib/responseToError.js:52:12)
    at RetryOperation._fn (/Users/_woo_s.j/.cache/firebase/tools/lib/node_modules/firebase-tools/lib/apiv2.js:312:77)
    at process.processTicksAndRejections (node:internal/process/task_queues:95:5)
[error] 
[error] Error: Failed to get Firebase project teamitaka-swagger-practice. Please make sure the project exists and your account has permission to access it.
[debug] [2025-03-05T01:04:31.958Z] ----------------------------------------------------------------------
[debug] [2025-03-05T01:04:31.959Z] Command:       /usr/local/bin/firebase /Users/_woo_s.j/.cache/firebase/tools/lib/node_modules/firebase-tools/lib/bin/firebase hosting:sites:create development-site-name --project teamitaka-swagger-practice
[debug] [2025-03-05T01:04:31.960Z] CLI Version:   13.23.0
[debug] [2025-03-05T01:04:31.960Z] Platform:      darwin
[debug] [2025-03-05T01:04:31.960Z] Node Version:  v18.5.0
[debug] [2025-03-05T01:04:31.963Z] Time:          Wed Mar 05 2025 10:04:31 GMT+0900 (Korean Standard Time)
[debug] [2025-03-05T01:04:31.963Z] ----------------------------------------------------------------------
[debug] 
[debug] [2025-03-05T01:04:31.973Z] > command requires scopes: ["email","openid","https://www.googleapis.com/auth/cloudplatformprojects.readonly","https://www.googleapis.com/auth/firebase","https://www.googleapis.com/auth/cloud-platform"]
[debug] [2025-03-05T01:04:31.974Z] > authorizing via signed-in user (sjwoo1999@gmail.com)
[debug] [2025-03-05T01:04:31.975Z] [iam] checking project teamitaka-swagger-practice for permissions ["firebase.projects.get","firebasehosting.sites.update"]
[debug] [2025-03-05T01:04:31.976Z] Checked if tokens are valid: true, expires at: 1741140259849
[debug] [2025-03-05T01:04:31.977Z] Checked if tokens are valid: true, expires at: 1741140259849
[debug] [2025-03-05T01:04:31.979Z] >>> [apiv2][query] POST https://cloudresourcemanager.googleapis.com/v1/projects/teamitaka-swagger-practice:testIamPermissions [none]
[debug] [2025-03-05T01:04:31.979Z] >>> [apiv2][(partial)header] POST https://cloudresourcemanager.googleapis.com/v1/projects/teamitaka-swagger-practice:testIamPermissions x-goog-quota-user=projects/teamitaka-swagger-practice
[debug] [2025-03-05T01:04:31.980Z] >>> [apiv2][body] POST https://cloudresourcemanager.googleapis.com/v1/projects/teamitaka-swagger-practice:testIamPermissions {"permissions":["firebase.projects.get","firebasehosting.sites.update"]}
[debug] [2025-03-05T01:04:32.722Z] <<< [apiv2][status] POST https://cloudresourcemanager.googleapis.com/v1/projects/teamitaka-swagger-practice:testIamPermissions 200
[debug] [2025-03-05T01:04:32.725Z] <<< [apiv2][body] POST https://cloudresourcemanager.googleapis.com/v1/projects/teamitaka-swagger-practice:testIamPermissions {"permissions":["firebase.projects.get","firebasehosting.sites.update"]}
[debug] [2025-03-05T01:04:32.725Z] Checked if tokens are valid: true, expires at: 1741140259849
[debug] [2025-03-05T01:04:32.728Z] Checked if tokens are valid: true, expires at: 1741140259849
[debug] [2025-03-05T01:04:32.729Z] >>> [apiv2][query] GET https://firebase.googleapis.com/v1beta1/projects/teamitaka-swagger-practice [none]
